Start testing: Apr 04 09:41 EDT
----------------------------------------------------------
1/2 Testing: QmlBehaviorTests
1/2 Test: QmlBehaviorTests
Command: "/Users/joebrashear/Desktop/Qt-iphone-DAS/build-desktop/tests/tst_main_qml"
Directory: /Users/joebrashear/Desktop/Qt-iphone-DAS/build-desktop/tests
"QmlBehaviorTests" start time: Apr 04 09:41 EDT
Output:
----------------------------------------------------------
2026-04-04 09:41:39.515 tst_main_qml[66079:1981714] +[IMKClient subclass]: chose IMKClient_Modern
2026-04-04 09:41:39.515 tst_main_qml[66079:1981714] +[IMKInputSession subclass]: chose IMKInputSession_Modern
********* Start testing of tst_main_qml *********
Config: Using QtTest library 6.10.2, Qt 6.10.2 (arm64-little_endian-lp64 shared (dynamic) release build; by Apple LLVM 17.0.0 (clang-1700.6.3.2)), macos 15.3.0
PASS   : tst_main_qml::MainQmlTests::initTestCase()
2026-04-04 09:41:39.584 tst_main_qml[66079:1981714] WARNING: Add NSCameraUseContinuityCameraDeviceType to your Info.plist to use AVCaptureDeviceTypeContinuityCamera.
2026-04-04 09:41:40.320 tst_main_qml[66079:1981714] WARNING: AVCaptureDeviceTypeExternal is deprecated for Continuity Cameras. Please use AVCaptureDeviceTypeContinuityCamera and add NSCameraUseContinuityCameraDeviceType to your Info.plist.
QWARN  : tst_main_qml::MainQmlTests::test_cameraObjectExists() qt.permissions: Could not find permission plugin for QCameraPermission. Please make sure you have included the required usage description in your Info.plist
QWARN  : tst_main_qml::MainQmlTests::test_cameraObjectExists() Access to camera not granted
QWARN  : tst_main_qml::MainQmlTests::test_cameraObjectExists() qt.permissions: Could not find permission plugin for QCameraPermission. Please make sure you have included the required usage description in your Info.plist
QWARN  : tst_main_qml::MainQmlTests::test_cameraObjectExists() Access to camera not granted
QWARN  : tst_main_qml::MainQmlTests::test_cameraObjectExists() file:///Users/joebrashear/Desktop/Qt-iphone-DAS/build-desktop/tests/main.qml:63:25: QML QQuickRectangle: The current style does not support customization of this control (property: "background" item: QQuickRectangle(0x1189d43d0, parent=0x0, geometry=0,0 120x48)). Please customize a non-native style (such as Basic, Fusion, Material, etc). For more information, see: https://doc.qt.io/qt-6/qtquickcontrols2-customize.html#customization-reference
QWARN  : tst_main_qml::MainQmlTests::test_cameraObjectExists() qt.permissions: Could not find permission plugin for QCameraPermission. Please make sure you have included the required usage description in your Info.plist
QWARN  : tst_main_qml::MainQmlTests::test_cameraObjectExists() Access to camera not granted
QWARN  : tst_main_qml::MainQmlTests::test_cameraObjectExists() file:///Users/joebrashear/Desktop/Qt-iphone-DAS/build-desktop/tests/main.qml:69:26: QML QQuickText: The current style does not support customization of this control (property: "contentItem" item: QQuickText(0x140430360, parent=0x0, geometry=0,0 0x0 ⏿)). Please customize a non-native style (such as Basic, Fusion, Material, etc). For more information, see: https://doc.qt.io/qt-6/qtquickcontrols2-customize.html#customization-reference
2026-04-04 09:41:40.432 tst_main_qml[66079:1981714] not in fullscreen state
QWARN  : tst_main_qml::MainQmlTests::test_cameraObjectExists() qt.permissions: Could not find permission plugin for QCameraPermission. Please make sure you have included the required usage description in your Info.plist
QWARN  : tst_main_qml::MainQmlTests::test_cameraObjectExists() Access to camera not granted
PASS   : tst_main_qml::MainQmlTests::test_cameraObjectExists()
QWARN  : tst_main_qml::MainQmlTests::test_overlayIsTransparent() qt.permissions: Could not find permission plugin for QCameraPermission. Please make sure you have included the required usage description in your Info.plist
QWARN  : tst_main_qml::MainQmlTests::test_overlayIsTransparent() Access to camera not granted
QWARN  : tst_main_qml::MainQmlTests::test_overlayIsTransparent() qt.permissions: Could not find permission plugin for QCameraPermission. Please make sure you have included the required usage description in your Info.plist
QWARN  : tst_main_qml::MainQmlTests::test_overlayIsTransparent() Access to camera not granted
QWARN  : tst_main_qml::MainQmlTests::test_overlayIsTransparent() file:///Users/joebrashear/Desktop/Qt-iphone-DAS/build-desktop/tests/main.qml:63:25: QML QQuickRectangle: The current style does not support customization of this control (property: "background" item: QQuickRectangle(0x1405300a0, parent=0x0, geometry=0,0 120x48)). Please customize a non-native style (such as Basic, Fusion, Material, etc). For more information, see: https://doc.qt.io/qt-6/qtquickcontrols2-customize.html#customization-reference
QWARN  : tst_main_qml::MainQmlTests::test_overlayIsTransparent() qt.permissions: Could not find permission plugin for QCameraPermission. Please make sure you have included the required usage description in your Info.plist
QWARN  : tst_main_qml::MainQmlTests::test_overlayIsTransparent() Access to camera not granted
QWARN  : tst_main_qml::MainQmlTests::test_overlayIsTransparent() file:///Users/joebrashear/Desktop/Qt-iphone-DAS/build-desktop/tests/main.qml:69:26: QML QQuickText: The current style does not support customization of this control (property: "contentItem" item: QQuickText(0x12cff62b0, parent=0x0, geometry=0,0 0x0 ⏿)). Please customize a non-native style (such as Basic, Fusion, Material, etc). For more information, see: https://doc.qt.io/qt-6/qtquickcontrols2-customize.html#customization-reference
2026-04-04 09:41:40.600 tst_main_qml[66079:1981714] not in fullscreen state
QWARN  : tst_main_qml::MainQmlTests::test_overlayIsTransparent() qt.permissions: Could not find permission plugin for QCameraPermission. Please make sure you have included the required usage description in your Info.plist
QWARN  : tst_main_qml::MainQmlTests::test_overlayIsTransparent() Access to camera not granted
PASS   : tst_main_qml::MainQmlTests::test_overlayIsTransparent()
QWARN  : tst_main_qml::MainQmlTests::test_recordButtonExists() qt.permissions: Could not find permission plugin for QCameraPermission. Please make sure you have included the required usage description in your Info.plist
QWARN  : tst_main_qml::MainQmlTests::test_recordButtonExists() Access to camera not granted
QWARN  : tst_main_qml::MainQmlTests::test_recordButtonExists() qt.permissions: Could not find permission plugin for QCameraPermission. Please make sure you have included the required usage description in your Info.plist
QWARN  : tst_main_qml::MainQmlTests::test_recordButtonExists() Access to camera not granted
QWARN  : tst_main_qml::MainQmlTests::test_recordButtonExists() file:///Users/joebrashear/Desktop/Qt-iphone-DAS/build-desktop/tests/main.qml:63:25: QML QQuickRectangle: The current style does not support customization of this control (property: "background" item: QQuickRectangle(0x12ce67850, parent=0x0, geometry=0,0 120x48)). Please customize a non-native style (such as Basic, Fusion, Material, etc). For more information, see: https://doc.qt.io/qt-6/qtquickcontrols2-customize.html#customization-reference
QWARN  : tst_main_qml::MainQmlTests::test_recordButtonExists() qt.permissions: Could not find permission plugin for QCameraPermission. Please make sure you have included the required usage description in your Info.plist
QWARN  : tst_main_qml::MainQmlTests::test_recordButtonExists() Access to camera not granted
QWARN  : tst_main_qml::MainQmlTests::test_recordButtonExists() file:///Users/joebrashear/Desktop/Qt-iphone-DAS/build-desktop/tests/main.qml:69:26: QML QQuickText: The current style does not support customization of this control (property: "contentItem" item: QQuickText(0x12ce67f20, parent=0x0, geometry=0,0 0x0 ⏿)). Please customize a non-native style (such as Basic, Fusion, Material, etc). For more information, see: https://doc.qt.io/qt-6/qtquickcontrols2-customize.html#customization-reference
2026-04-04 09:41:40.674 tst_main_qml[66079:1981714] not in fullscreen state
QWARN  : tst_main_qml::MainQmlTests::test_recordButtonExists() qt.permissions: Could not find permission plugin for QCameraPermission. Please make sure you have included the required usage description in your Info.plist
QWARN  : tst_main_qml::MainQmlTests::test_recordButtonExists() Access to camera not granted
PASS   : tst_main_qml::MainQmlTests::test_recordButtonExists()
QWARN  : tst_main_qml::MainQmlTests::test_recordButtonPressedColor() qt.permissions: Could not find permission plugin for QCameraPermission. Please make sure you have included the required usage description in your Info.plist
QWARN  : tst_main_qml::MainQmlTests::test_recordButtonPressedColor() Access to camera not granted
QWARN  : tst_main_qml::MainQmlTests::test_recordButtonPressedColor() qt.permissions: Could not find permission plugin for QCameraPermission. Please make sure you have included the required usage description in your Info.plist
QWARN  : tst_main_qml::MainQmlTests::test_recordButtonPressedColor() Access to camera not granted
QWARN  : tst_main_qml::MainQmlTests::test_recordButtonPressedColor() file:///Users/joebrashear/Desktop/Qt-iphone-DAS/build-desktop/tests/main.qml:63:25: QML QQuickRectangle: The current style does not support customization of this control (property: "background" item: QQuickRectangle(0x12ce95f80, parent=0x0, geometry=0,0 120x48)). Please customize a non-native style (such as Basic, Fusion, Material, etc). For more information, see: https://doc.qt.io/qt-6/qtquickcontrols2-customize.html#customization-reference
QWARN  : tst_main_qml::MainQmlTests::test_recordButtonPressedColor() qt.permissions: Could not find permission plugin for QCameraPermission. Please make sure you have included the required usage description in your Info.plist
QWARN  : tst_main_qml::MainQmlTests::test_recordButtonPressedColor() Access to camera not granted
QWARN  : tst_main_qml::MainQmlTests::test_recordButtonPressedColor() file:///Users/joebrashear/Desktop/Qt-iphone-DAS/build-desktop/tests/main.qml:69:26: QML QQuickText: The current style does not support customization of this control (property: "contentItem" item: QQuickText(0x12ce76ec0, parent=0x0, geometry=0,0 0x0 ⏿)). Please customize a non-native style (such as Basic, Fusion, Material, etc). For more information, see: https://doc.qt.io/qt-6/qtquickcontrols2-customize.html#customization-reference
2026-04-04 09:41:40.739 tst_main_qml[66079:1981714] not in fullscreen state
QWARN  : tst_main_qml::MainQmlTests::test_recordButtonPressedColor() qt.permissions: Could not find permission plugin for QCameraPermission. Please make sure you have included the required usage description in your Info.plist
QWARN  : tst_main_qml::MainQmlTests::test_recordButtonPressedColor() Access to camera not granted
PASS   : tst_main_qml::MainQmlTests::test_recordButtonPressedColor()
QWARN  : tst_main_qml::MainQmlTests::test_titleTextContent() qt.permissions: Could not find permission plugin for QCameraPermission. Please make sure you have included the required usage description in your Info.plist
QWARN  : tst_main_qml::MainQmlTests::test_titleTextContent() Access to camera not granted
QWARN  : tst_main_qml::MainQmlTests::test_titleTextContent() qt.permissions: Could not find permission plugin for QCameraPermission. Please make sure you have included the required usage description in your Info.plist
QWARN  : tst_main_qml::MainQmlTests::test_titleTextContent() Access to camera not granted
QWARN  : tst_main_qml::MainQmlTests::test_titleTextContent() file:///Users/joebrashear/Desktop/Qt-iphone-DAS/build-desktop/tests/main.qml:63:25: QML QQuickRectangle: The current style does not support customization of this control (property: "background" item: QQuickRectangle(0x1404b1350, parent=0x0, geometry=0,0 120x48)). Please customize a non-native style (such as Basic, Fusion, Material, etc). For more information, see: https://doc.qt.io/qt-6/qtquickcontrols2-customize.html#customization-reference
QWARN  : tst_main_qml::MainQmlTests::test_titleTextContent() qt.permissions: Could not find permission plugin for QCameraPermission. Please make sure you have included the required usage description in your Info.plist
QWARN  : tst_main_qml::MainQmlTests::test_titleTextContent() Access to camera not granted
QWARN  : tst_main_qml::MainQmlTests::test_titleTextContent() file:///Users/joebrashear/Desktop/Qt-iphone-DAS/build-desktop/tests/main.qml:69:26: QML QQuickText: The current style does not support customization of this control (property: "contentItem" item: QQuickText(0x1404adc80, parent=0x0, geometry=0,0 0x0 ⏿)). Please customize a non-native style (such as Basic, Fusion, Material, etc). For more information, see: https://doc.qt.io/qt-6/qtquickcontrols2-customize.html#customization-reference
2026-04-04 09:41:40.793 tst_main_qml[66079:1981714] not in fullscreen state
QWARN  : tst_main_qml::MainQmlTests::test_titleTextContent() qt.permissions: Could not find permission plugin for QCameraPermission. Please make sure you have included the required usage description in your Info.plist
QWARN  : tst_main_qml::MainQmlTests::test_titleTextContent() Access to camera not granted
PASS   : tst_main_qml::MainQmlTests::test_titleTextContent()
QWARN  : tst_main_qml::MainQmlTests::test_titleTextIsCentered() qt.permissions: Could not find permission plugin for QCameraPermission. Please make sure you have included the required usage description in your Info.plist
QWARN  : tst_main_qml::MainQmlTests::test_titleTextIsCentered() Access to camera not granted
QWARN  : tst_main_qml::MainQmlTests::test_titleTextIsCentered() qt.permissions: Could not find permission plugin for QCameraPermission. Please make sure you have included the required usage description in your Info.plist
QWARN  : tst_main_qml::MainQmlTests::test_titleTextIsCentered() Access to camera not granted
QWARN  : tst_main_qml::MainQmlTests::test_titleTextIsCentered() file:///Users/joebrashear/Desktop/Qt-iphone-DAS/build-desktop/tests/main.qml:63:25: QML QQuickRectangle: The current style does not support customization of this control (property: "background" item: QQuickRectangle(0x140575eb0, parent=0x0, geometry=0,0 120x48)). Please customize a non-native style (such as Basic, Fusion, Material, etc). For more information, see: https://doc.qt.io/qt-6/qtquickcontrols2-customize.html#customization-reference
QWARN  : tst_main_qml::MainQmlTests::test_titleTextIsCentered() qt.permissions: Could not find permission plugin for QCameraPermission. Please make sure you have included the required usage description in your Info.plist
QWARN  : tst_main_qml::MainQmlTests::test_titleTextIsCentered() Access to camera not granted
QWARN  : tst_main_qml::MainQmlTests::test_titleTextIsCentered() file:///Users/joebrashear/Desktop/Qt-iphone-DAS/build-desktop/tests/main.qml:69:26: QML QQuickText: The current style does not support customization of this control (property: "contentItem" item: QQuickText(0x140575af0, parent=0x0, geometry=0,0 0x0 ⏿)). Please customize a non-native style (such as Basic, Fusion, Material, etc). For more information, see: https://doc.qt.io/qt-6/qtquickcontrols2-customize.html#customization-reference
2026-04-04 09:41:40.856 tst_main_qml[66079:1981714] not in fullscreen state
QWARN  : tst_main_qml::MainQmlTests::test_titleTextIsCentered() qt.permissions: Could not find permission plugin for QCameraPermission. Please make sure you have included the required usage description in your Info.plist
QWARN  : tst_main_qml::MainQmlTests::test_titleTextIsCentered() Access to camera not granted
PASS   : tst_main_qml::MainQmlTests::test_titleTextIsCentered()
QWARN  : tst_main_qml::MainQmlTests::test_videoOutputExists() qt.permissions: Could not find permission plugin for QCameraPermission. Please make sure you have included the required usage description in your Info.plist
QWARN  : tst_main_qml::MainQmlTests::test_videoOutputExists() Access to camera not granted
QWARN  : tst_main_qml::MainQmlTests::test_videoOutputExists() qt.permissions: Could not find permission plugin for QCameraPermission. Please make sure you have included the required usage description in your Info.plist
QWARN  : tst_main_qml::MainQmlTests::test_videoOutputExists() Access to camera not granted
QWARN  : tst_main_qml::MainQmlTests::test_videoOutputExists() file:///Users/joebrashear/Desktop/Qt-iphone-DAS/build-desktop/tests/main.qml:63:25: QML QQuickRectangle: The current style does not support customization of this control (property: "background" item: QQuickRectangle(0x140570d20, parent=0x0, geometry=0,0 120x48)). Please customize a non-native style (such as Basic, Fusion, Material, etc). For more information, see: https://doc.qt.io/qt-6/qtquickcontrols2-customize.html#customization-reference
QWARN  : tst_main_qml::MainQmlTests::test_videoOutputExists() qt.permissions: Could not find permission plugin for QCameraPermission. Please make sure you have included the required usage description in your Info.plist
QWARN  : tst_main_qml::MainQmlTests::test_videoOutputExists() Access to camera not granted
QWARN  : tst_main_qml::MainQmlTests::test_videoOutputExists() file:///Users/joebrashear/Desktop/Qt-iphone-DAS/build-desktop/tests/main.qml:69:26: QML QQuickText: The current style does not support customization of this control (property: "contentItem" item: QQuickText(0x140574680, parent=0x0, geometry=0,0 0x0 ⏿)). Please customize a non-native style (such as Basic, Fusion, Material, etc). For more information, see: https://doc.qt.io/qt-6/qtquickcontrols2-customize.html#customization-reference
2026-04-04 09:41:40.920 tst_main_qml[66079:1981714] not in fullscreen state
QWARN  : tst_main_qml::MainQmlTests::test_videoOutputExists() qt.permissions: Could not find permission plugin for QCameraPermission. Please make sure you have included the required usage description in your Info.plist
QWARN  : tst_main_qml::MainQmlTests::test_videoOutputExists() Access to camera not granted
PASS   : tst_main_qml::MainQmlTests::test_videoOutputExists()
QWARN  : tst_main_qml::MainQmlTests::test_videoOutputFillsParent() qt.permissions: Could not find permission plugin for QCameraPermission. Please make sure you have included the required usage description in your Info.plist
QWARN  : tst_main_qml::MainQmlTests::test_videoOutputFillsParent() Access to camera not granted
QWARN  : tst_main_qml::MainQmlTests::test_videoOutputFillsParent() qt.permissions: Could not find permission plugin for QCameraPermission. Please make sure you have included the required usage description in your Info.plist
QWARN  : tst_main_qml::MainQmlTests::test_videoOutputFillsParent() Access to camera not granted
QWARN  : tst_main_qml::MainQmlTests::test_videoOutputFillsParent() file:///Users/joebrashear/Desktop/Qt-iphone-DAS/build-desktop/tests/main.qml:63:25: QML QQuickRectangle: The current style does not support customization of this control (property: "background" item: QQuickRectangle(0x1404c6790, parent=0x0, geometry=0,0 120x48)). Please customize a non-native style (such as Basic, Fusion, Material, etc). For more information, see: https://doc.qt.io/qt-6/qtquickcontrols2-customize.html#customization-reference
QWARN  : tst_main_qml::MainQmlTests::test_videoOutputFillsParent() qt.permissions: Could not find permission plugin for QCameraPermission. Please make sure you have included the required usage description in your Info.plist
QWARN  : tst_main_qml::MainQmlTests::test_videoOutputFillsParent() Access to camera not granted
QWARN  : tst_main_qml::MainQmlTests::test_videoOutputFillsParent() file:///Users/joebrashear/Desktop/Qt-iphone-DAS/build-desktop/tests/main.qml:69:26: QML QQuickText: The current style does not support customization of this control (property: "contentItem" item: QQuickText(0x1404c6e60, parent=0x0, geometry=0,0 0x0 ⏿)). Please customize a non-native style (such as Basic, Fusion, Material, etc). For more information, see: https://doc.qt.io/qt-6/qtquickcontrols2-customize.html#customization-reference
2026-04-04 09:41:41.010 tst_main_qml[66079:1981714] not in fullscreen state
QWARN  : tst_main_qml::MainQmlTests::test_videoOutputFillsParent() qt.permissions: Could not find permission plugin for QCameraPermission. Please make sure you have included the required usage description in your Info.plist
QWARN  : tst_main_qml::MainQmlTests::test_videoOutputFillsParent() Access to camera not granted
PASS   : tst_main_qml::MainQmlTests::test_videoOutputFillsParent()
QWARN  : tst_main_qml::MainQmlTests::test_windowFallbackColor() qt.permissions: Could not find permission plugin for QCameraPermission. Please make sure you have included the required usage description in your Info.plist
QWARN  : tst_main_qml::MainQmlTests::test_windowFallbackColor() Access to camera not granted
QWARN  : tst_main_qml::MainQmlTests::test_windowFallbackColor() qt.permissions: Could not find permission plugin for QCameraPermission. Please make sure you have included the required usage description in your Info.plist
QWARN  : tst_main_qml::MainQmlTests::test_windowFallbackColor() Access to camera not granted
QWARN  : tst_main_qml::MainQmlTests::test_windowFallbackColor() file:///Users/joebrashear/Desktop/Qt-iphone-DAS/build-desktop/tests/main.qml:63:25: QML QQuickRectangle: The current style does not support customization of this control (property: "background" item: QQuickRectangle(0x12cea4b60, parent=0x0, geometry=0,0 120x48)). Please customize a non-native style (such as Basic, Fusion, Material, etc). For more information, see: https://doc.qt.io/qt-6/qtquickcontrols2-customize.html#customization-reference
QWARN  : tst_main_qml::MainQmlTests::test_windowFallbackColor() qt.permissions: Could not find permission plugin for QCameraPermission. Please make sure you have included the required usage description in your Info.plist
QWARN  : tst_main_qml::MainQmlTests::test_windowFallbackColor() Access to camera not granted
QWARN  : tst_main_qml::MainQmlTests::test_windowFallbackColor() file:///Users/joebrashear/Desktop/Qt-iphone-DAS/build-desktop/tests/main.qml:69:26: QML QQuickText: The current style does not support customization of this control (property: "contentItem" item: QQuickText(0x12cea4fe0, parent=0x0, geometry=0,0 0x0 ⏿)). Please customize a non-native style (such as Basic, Fusion, Material, etc). For more information, see: https://doc.qt.io/qt-6/qtquickcontrols2-customize.html#customization-reference
2026-04-04 09:41:41.062 tst_main_qml[66079:1981714] not in fullscreen state
QWARN  : tst_main_qml::MainQmlTests::test_windowFallbackColor() qt.permissions: Could not find permission plugin for QCameraPermission. Please make sure you have included the required usage description in your Info.plist
QWARN  : tst_main_qml::MainQmlTests::test_windowFallbackColor() Access to camera not granted
PASS   : tst_main_qml::MainQmlTests::test_windowFallbackColor()
QWARN  : tst_main_qml::MainQmlTests::test_windowIsVisible() qt.permissions: Could not find permission plugin for QCameraPermission. Please make sure you have included the required usage description in your Info.plist
QWARN  : tst_main_qml::MainQmlTests::test_windowIsVisible() Access to camera not granted
QWARN  : tst_main_qml::MainQmlTests::test_windowIsVisible() qt.permissions: Could not find permission plugin for QCameraPermission. Please make sure you have included the required usage description in your Info.plist
QWARN  : tst_main_qml::MainQmlTests::test_windowIsVisible() Access to camera not granted
QWARN  : tst_main_qml::MainQmlTests::test_windowIsVisible() file:///Users/joebrashear/Desktop/Qt-iphone-DAS/build-desktop/tests/main.qml:63:25: QML QQuickRectangle: The current style does not support customization of this control (property: "background" item: QQuickRectangle(0x12ce94980, parent=0x0, geometry=0,0 120x48)). Please customize a non-native style (such as Basic, Fusion, Material, etc). For more information, see: https://doc.qt.io/qt-6/qtquickcontrols2-customize.html#customization-reference
QWARN  : tst_main_qml::MainQmlTests::test_windowIsVisible() qt.permissions: Could not find permission plugin for QCameraPermission. Please make sure you have included the required usage description in your Info.plist
QWARN  : tst_main_qml::MainQmlTests::test_windowIsVisible() Access to camera not granted
QWARN  : tst_main_qml::MainQmlTests::test_windowIsVisible() file:///Users/joebrashear/Desktop/Qt-iphone-DAS/build-desktop/tests/main.qml:69:26: QML QQuickText: The current style does not support customization of this control (property: "contentItem" item: QQuickText(0x12cea7e90, parent=0x0, geometry=0,0 0x0 ⏿)). Please customize a non-native style (such as Basic, Fusion, Material, etc). For more information, see: https://doc.qt.io/qt-6/qtquickcontrols2-customize.html#customization-reference
2026-04-04 09:41:41.113 tst_main_qml[66079:1981714] not in fullscreen state
QWARN  : tst_main_qml::MainQmlTests::test_windowIsVisible() qt.permissions: Could not find permission plugin for QCameraPermission. Please make sure you have included the required usage description in your Info.plist
QWARN  : tst_main_qml::MainQmlTests::test_windowIsVisible() Access to camera not granted
PASS   : tst_main_qml::MainQmlTests::test_windowIsVisible()
PASS   : tst_main_qml::MainQmlTests::cleanupTestCase()
Totals: 12 passed, 0 failed, 0 skipped, 0 blacklisted, 1605ms
********* Finished testing of tst_main_qml *********
<end of output>
Test time =   2.28 sec
----------------------------------------------------------
Test Passed.
"QmlBehaviorTests" end time: Apr 04 09:41 EDT
"QmlBehaviorTests" time elapsed: 00:00:02
----------------------------------------------------------

2/2 Testing: EngineSmokeTest
2/2 Test: EngineSmokeTest
Command: "/Users/joebrashear/Desktop/Qt-iphone-DAS/build-desktop/tests/tst_engine"
Directory: /Users/joebrashear/Desktop/Qt-iphone-DAS/build-desktop/tests
"EngineSmokeTest" start time: Apr 04 09:41 EDT
Output:
----------------------------------------------------------
********* Start testing of EngineTest *********
Config: Using QtTest library 6.10.2, Qt 6.10.2 (arm64-little_endian-lp64 shared (dynamic) release build; by Apple LLVM 17.0.0 (clang-1700.6.3.2)), macos 15.3.0
PASS   : EngineTest::initTestCase()
2026-04-04 09:41:41.427 tst_engine[66092:1982018] WARNING: Add NSCameraUseContinuityCameraDeviceType to your Info.plist to use AVCaptureDeviceTypeContinuityCamera.
2026-04-04 09:41:41.534 tst_engine[66092:1982018] WARNING: AVCaptureDeviceTypeExternal is deprecated for Continuity Cameras. Please use AVCaptureDeviceTypeContinuityCamera and add NSCameraUseContinuityCameraDeviceType to your Info.plist.
QWARN  : EngineTest::test_mainQmlLoadsWithoutError() qt.permissions: Could not find permission plugin for QCameraPermission. Please make sure you have included the required usage description in your Info.plist
QWARN  : EngineTest::test_mainQmlLoadsWithoutError() Access to camera not granted
QWARN  : EngineTest::test_mainQmlLoadsWithoutError() qt.permissions: Could not find permission plugin for QCameraPermission. Please make sure you have included the required usage description in your Info.plist
QWARN  : EngineTest::test_mainQmlLoadsWithoutError() Access to camera not granted
QWARN  : EngineTest::test_mainQmlLoadsWithoutError() qrc:/SenseCaptureEngine/main.qml:63:25: QML QQuickRectangle: The current style does not support customization of this control (property: "background" item: QQuickRectangle(0x11f8240a0, parent=0x0, geometry=0,0 120x48)). Please customize a non-native style (such as Basic, Fusion, Material, etc). For more information, see: https://doc.qt.io/qt-6/qtquickcontrols2-customize.html#customization-reference
QWARN  : EngineTest::test_mainQmlLoadsWithoutError() qt.permissions: Could not find permission plugin for QCameraPermission. Please make sure you have included the required usage description in your Info.plist
QWARN  : EngineTest::test_mainQmlLoadsWithoutError() Access to camera not granted
QWARN  : EngineTest::test_mainQmlLoadsWithoutError() qrc:/SenseCaptureEngine/main.qml:69:26: QML QQuickText: The current style does not support customization of this control (property: "contentItem" item: QQuickText(0x11f824e90, parent=0x0, geometry=0,0 0x0 ⏿)). Please customize a non-native style (such as Basic, Fusion, Material, etc). For more information, see: https://doc.qt.io/qt-6/qtquickcontrols2-customize.html#customization-reference
2026-04-04 09:41:41.754 tst_engine[66092:1982018] not in fullscreen state
QWARN  : EngineTest::test_mainQmlLoadsWithoutError() qt.permissions: Could not find permission plugin for QCameraPermission. Please make sure you have included the required usage description in your Info.plist
QWARN  : EngineTest::test_mainQmlLoadsWithoutError() Access to camera not granted
PASS   : EngineTest::test_mainQmlLoadsWithoutError()
PASS   : EngineTest::cleanupTestCase()
Totals: 3 passed, 0 failed, 0 skipped, 0 blacklisted, 642ms
********* Finished testing of EngineTest *********
<end of output>
Test time =   0.88 sec
----------------------------------------------------------
Test Passed.
"EngineSmokeTest" end time: Apr 04 09:41 EDT
"EngineSmokeTest" time elapsed: 00:00:00
----------------------------------------------------------

End testing: Apr 04 09:41 EDT
